The system is: Darwin - 21.4.0 - x86_64
Compiling the C compiler identification source file "CMakeCCompilerId.c" succeeded.
Compiler: /Applications/Xcode.app/Contents/Developer/Toolchains/XcodeDefault.xctoolchain/usr/bin/cc 
Build flags: 
Id flags: -c 

The output was:
0


Compilation of the C compiler identification source "CMakeCCompilerId.c" produced "CMakeCCompilerId.o"

The C compiler identification is AppleClang, found in "/Users/steve/Projects/chronos/CMakeFiles/3.23.0/CompilerIdC/CMakeCCompilerId.o"

Compiling the CXX compiler identification source file "CMakeCXXCompilerId.cpp" succeeded.
Compiler: /Applications/Xcode.app/Contents/Developer/Toolchains/XcodeDefault.xctoolchain/usr/bin/c++ 
Build flags: 
Id flags: -c 

The output was:
0


Compilation of the CXX compiler identification source "CMakeCXXCompilerId.cpp" produced "CMakeCXXCompilerId.o"

The CXX compiler identification is AppleClang, found in "/Users/steve/Projects/chronos/CMakeFiles/3.23.0/CompilerIdCXX/CMakeCXXCompilerId.o"

Compiling the C compiler identification source file "CMakeCCompilerId.c" succeeded.
Compiler: /Applications/Xcode.app/Contents/Developer/Toolchains/XcodeDefault.xctoolchain/usr/bin/cc 
Build flags: 
Id flags: -c 

The output was:
0


Compilation of the C compiler identification source "CMakeCCompilerId.c" produced "CMakeCCompilerId.o"

The C compiler identification is AppleClang, found in "/Users/steve/Projects/chronos/CMakeFiles/3.23.0/CompilerIdC/CMakeCCompilerId.o"

Compiling the CXX compiler identification source file "CMakeCXXCompilerId.cpp" succeeded.
Compiler: /Applications/Xcode.app/Contents/Developer/Toolchains/XcodeDefault.xctoolchain/usr/bin/c++ 
Build flags: 
Id flags: -c 

The output was:
0


Compilation of the CXX compiler identification source "CMakeCXXCompilerId.cpp" produced "CMakeCXXCompilerId.o"

The CXX compiler identification is AppleClang, found in "/Users/steve/Projects/chronos/CMakeFiles/3.23.0/CompilerIdCXX/CMakeCXXCompilerId.o"

Compiling the C compiler identification source file "CMakeCCompilerId.c" succeeded.
Compiler: /Applications/Xcode.app/Contents/Developer/Toolchains/XcodeDefault.xctoolchain/usr/bin/cc 
Build flags: 
Id flags: -c 

The output was:
0


Compilation of the C compiler identification source "CMakeCCompilerId.c" produced "CMakeCCompilerId.o"

The C compiler identification is AppleClang, found in "/Users/steve/Projects/chronos/CMakeFiles/3.23.0/CompilerIdC/CMakeCCompilerId.o"

Compiling the CXX compiler identification source file "CMakeCXXCompilerId.cpp" succeeded.
Compiler: /Applications/Xcode.app/Contents/Developer/Toolchains/XcodeDefault.xctoolchain/usr/bin/c++ 
Build flags: 
Id flags: -c 

The output was:
0


Compilation of the CXX compiler identification source "CMakeCXXCompilerId.cpp" produced "CMakeCXXCompilerId.o"

The CXX compiler identification is AppleClang, found in "/Users/steve/Projects/chronos/CMakeFiles/3.23.0/CompilerIdCXX/CMakeCXXCompilerId.o"

Compiling the C compiler identification source file "CMakeCCompilerId.c" succeeded.
Compiler: /Applications/Xcode.app/Contents/Developer/Toolchains/XcodeDefault.xctoolchain/usr/bin/cc 
Build flags: 
Id flags: -c 

The output was:
0


Compilation of the C compiler identification source "CMakeCCompilerId.c" produced "CMakeCCompilerId.o"

The C compiler identification is AppleClang, found in "/Users/steve/Projects/chronos/CMakeFiles/3.23.0/CompilerIdC/CMakeCCompilerId.o"

Compiling the CXX compiler identification source file "CMakeCXXCompilerId.cpp" succeeded.
Compiler: /Applications/Xcode.app/Contents/Developer/Toolchains/XcodeDefault.xctoolchain/usr/bin/c++ 
Build flags: 
Id flags: -c 

The output was:
0


Compilation of the CXX compiler identification source "CMakeCXXCompilerId.cpp" produced "CMakeCXXCompilerId.o"

The CXX compiler identification is AppleClang, found in "/Users/steve/Projects/chronos/CMakeFiles/3.23.0/CompilerIdCXX/CMakeCXXCompilerId.o"

Detecting C compiler ABI info compiled with the following output:
Change Dir: /Users/steve/Projects/chronos/CMakeFiles/CMakeTmp

Run Build Command(s):/usr/bin/make -f Makefile cmTC_03c72/fast && /Applications/Xcode.app/Contents/Developer/usr/bin/make  -f CMakeFiles/cmTC_03c72.dir/build.make CMakeFiles/cmTC_03c72.dir/build
Building C object CMakeFiles/cmTC_03c72.dir/CMakeCCompilerABI.c.o
/Applications/Xcode.app/Contents/Developer/Toolchains/XcodeDefault.xctoolchain/usr/bin/cc   -v -Wl,-v -MD -MT CMakeFiles/cmTC_03c72.dir/CMakeCCompilerABI.c.o -MF CMakeFiles/cmTC_03c72.dir/CMakeCCompilerABI.c.o.d -o CMakeFiles/cmTC_03c72.dir/CMakeCCompilerABI.c.o -c /usr/local/Cellar/cmake/3.23.0/share/cmake/Modules/CMakeCCompilerABI.c
Apple clang version 13.1.6 (clang-1316.0.21.2)
Target: x86_64-apple-darwin21.4.0
Thread model: posix
InstalledDir: /Applications/Xcode.app/Contents/Developer/Toolchains/XcodeDefault.xctoolchain/usr/bin
clang: warning: -Wl,-v: 'linker' input unused [-Wunused-command-line-argument]
 "/Applications/Xcode.app/Contents/Developer/Toolchains/XcodeDefault.xctoolchain/usr/bin/clang" -cc1 -triple x86_64-apple-macosx12.0.0 -Wundef-prefix=TARGET_OS_ -Wdeprecated-objc-isa-usage -Werror=deprecated-objc-isa-usage -Werror=implicit-function-declaration -emit-obj -mrelax-all --mrelax-relocations -disable-free -disable-llvm-verifier -discard-value-names -main-file-name CMakeCCompilerABI.c -mrelocation-model pic -pic-level 2 -mframe-pointer=all -fno-strict-return -fno-rounding-math -munwind-tables -fcompatibility-qualified-id-block-type-checking -fvisibility-inlines-hidden-static-local-var -target-cpu penryn -tune-cpu generic -debugger-tuning=lldb -target-linker-version 762 -v -resource-dir /Applications/Xcode.app/Contents/Developer/Toolchains/XcodeDefault.xctoolchain/usr/lib/clang/13.1.6 -dependency-file CMakeFiles/cmTC_03c72.dir/CMakeCCompilerABI.c.o.d -skip-unused-modulemap-deps -MT CMakeFiles/cmTC_03c72.dir/CMakeCCompilerABI.c.o -sys-header-deps -c-isystem /opt/local/include -cxx-isystem /opt/local/include -cxx-isystem /usr/local/Cellar/python@3.9/3.9.1_3/Frameworks/Python.framework/Versions/3.9/include/python3.9 -cxx-isystem /Users/steve/Projects/boost_1_75_0 -internal-isystem /usr/local/include -internal-isystem /Applications/Xcode.app/Contents/Developer/Toolchains/XcodeDefault.xctoolchain/usr/lib/clang/13.1.6/include -internal-externc-isystem /usr/include -internal-externc-isystem /Applications/Xcode.app/Contents/Developer/Toolchains/XcodeDefault.xctoolchain/usr/include -Wno-reorder-init-list -Wno-implicit-int-float-conversion -Wno-c99-designator -Wno-final-dtor-non-final-class -Wno-extra-semi-stmt -Wno-misleading-indentation -Wno-quoted-include-in-framework-header -Wno-implicit-fallthrough -Wno-enum-enum-conversion -Wno-enum-float-conversion -Wno-elaborated-enum-base -Wno-reserved-identifier -Wno-gnu-folding-constant -Wno-objc-load-method -fdebug-compilation-dir=/Users/steve/Projects/chronos/CMakeFiles/CMakeTmp -ferror-limit 19 -stack-protector 1 -fstack-check -mdarwin-stkchk-strong-link -fblocks -fencode-extended-block-signature -fregister-global-dtors-with-atexit -fgnuc-version=4.2.1 -fmax-type-align=16 -fcommon -clang-vendor-feature=+messageToSelfInClassMethodIdReturnType -clang-vendor-feature=+disableInferNewAvailabilityFromInit -clang-vendor-feature=+disableNonDependentMemberExprInCurrentInstantiation -fno-odr-hash-protocols -clang-vendor-feature=+enableAggressiveVLAFolding -clang-vendor-feature=+revert09abecef7bbf -clang-vendor-feature=+thisNoAlignAttr -clang-vendor-feature=+thisNoNullAttr -mllvm -disable-aligned-alloc-awareness=1 -D__GCC_HAVE_DWARF2_CFI_ASM=1 -o CMakeFiles/cmTC_03c72.dir/CMakeCCompilerABI.c.o -x c /usr/local/Cellar/cmake/3.23.0/share/cmake/Modules/CMakeCCompilerABI.c
clang -cc1 version 13.1.6 (clang-1316.0.21.2) default target x86_64-apple-darwin21.4.0
ignoring nonexistent directory "/usr/local/Cellar/python@3.9/3.9.1_3/Frameworks/Python.framework/Versions/3.9/include/python3.9"
ignoring nonexistent directory "/usr/include"
#include "..." search starts here:
#include <...> search starts here:
 /opt/local/include
 /usr/local/include
 /Applications/Xcode.app/Contents/Developer/Toolchains/XcodeDefault.xctoolchain/usr/lib/clang/13.1.6/include
 /Applications/Xcode.app/Contents/Developer/Toolchains/XcodeDefault.xctoolchain/usr/include
 /System/Library/Frameworks (framework directory)
 /Library/Frameworks (framework directory)
End of search list.
Linking C executable cmTC_03c72
/usr/local/Cellar/cmake/3.23.0/bin/cmake -E cmake_link_script CMakeFiles/cmTC_03c72.dir/link.txt --verbose=1
/Applications/Xcode.app/Contents/Developer/Toolchains/XcodeDefault.xctoolchain/usr/bin/cc -Wl,-search_paths_first -Wl,-headerpad_max_install_names -L/Library/Developer/CommandLineTools/SDKs/MacOSX.sdk/usr/lib -v -Wl,-v CMakeFiles/cmTC_03c72.dir/CMakeCCompilerABI.c.o -o cmTC_03c72 
Apple clang version 13.1.6 (clang-1316.0.21.2)
Target: x86_64-apple-darwin21.4.0
Thread model: posix
InstalledDir: /Applications/Xcode.app/Contents/Developer/Toolchains/XcodeDefault.xctoolchain/usr/bin
 "/Applications/Xcode.app/Contents/Developer/Toolchains/XcodeDefault.xctoolchain/usr/bin/ld" -demangle -lto_library /Applications/Xcode.app/Contents/Developer/Toolchains/XcodeDefault.xctoolchain/usr/lib/libLTO.dylib -dynamic -arch x86_64 -platform_version macos 12.0.0 12.0.0 -o cmTC_03c72 -L/Library/Developer/CommandLineTools/SDKs/MacOSX.sdk/usr/lib -L/Users/steve/Projects/boost_1_75_0/stage/lib -search_paths_first -headerpad_max_install_names -v CMakeFiles/cmTC_03c72.dir/CMakeCCompilerABI.c.o -lSystem /Applications/Xcode.app/Contents/Developer/Toolchains/XcodeDefault.xctoolchain/usr/lib/clang/13.1.6/lib/darwin/libclang_rt.osx.a
@(#)PROGRAM:ld  PROJECT:ld64-762
BUILD 06:28:45 Feb 18 2022
configured to support archs: armv6 armv7 armv7s arm64 arm64e arm64_32 i386 x86_64 x86_64h armv6m armv7k armv7m armv7em
Library search paths:
	/Library/Developer/CommandLineTools/SDKs/MacOSX.sdk/usr/lib
	/Users/steve/Projects/boost_1_75_0/stage/lib
	/usr/lib
	/usr/local/lib
Framework search paths:
	/Library/Frameworks/
	/System/Library/Frameworks/



Parsed C implicit include dir info from above output: rv=done
  found start of include info
  found start of implicit include info
    add: [/opt/local/include]
    add: [/usr/local/include]
    add: [/Applications/Xcode.app/Contents/Developer/Toolchains/XcodeDefault.xctoolchain/usr/lib/clang/13.1.6/include]
    add: [/Applications/Xcode.app/Contents/Developer/Toolchains/XcodeDefault.xctoolchain/usr/include]
  end of search list found
  collapse include dir [/opt/local/include] ==> [/opt/local/include]
  collapse include dir [/usr/local/include] ==> [/usr/local/include]
  collapse include dir [/Applications/Xcode.app/Contents/Developer/Toolchains/XcodeDefault.xctoolchain/usr/lib/clang/13.1.6/include] ==> [/Applications/Xcode.app/Contents/Developer/Toolchains/XcodeDefault.xctoolchain/usr/lib/clang/13.1.6/include]
  collapse include dir [/Applications/Xcode.app/Contents/Developer/Toolchains/XcodeDefault.xctoolchain/usr/include] ==> [/Applications/Xcode.app/Contents/Developer/Toolchains/XcodeDefault.xctoolchain/usr/include]
  implicit include dirs: [/opt/local/include;/usr/local/include;/Applications/Xcode.app/Contents/Developer/Toolchains/XcodeDefault.xctoolchain/usr/lib/clang/13.1.6/include;/Applications/Xcode.app/Contents/Developer/Toolchains/XcodeDefault.xctoolchain/usr/include]


Parsed C implicit link information from above output:
  link line regex: [^( *|.*[/\])(ld|CMAKE_LINK_STARTFILE-NOTFOUND|([^/\]+-)?ld|collect2)[^/\]*( |$)]
  ignore line: [Change Dir: /Users/steve/Projects/chronos/CMakeFiles/CMakeTmp]
  ignore line: []
  ignore line: [Run Build Command(s):/usr/bin/make -f Makefile cmTC_03c72/fast && /Applications/Xcode.app/Contents/Developer/usr/bin/make  -f CMakeFiles/cmTC_03c72.dir/build.make CMakeFiles/cmTC_03c72.dir/build]
  ignore line: [Building C object CMakeFiles/cmTC_03c72.dir/CMakeCCompilerABI.c.o]
  ignore line: [/Applications/Xcode.app/Contents/Developer/Toolchains/XcodeDefault.xctoolchain/usr/bin/cc   -v -Wl -v -MD -MT CMakeFiles/cmTC_03c72.dir/CMakeCCompilerABI.c.o -MF CMakeFiles/cmTC_03c72.dir/CMakeCCompilerABI.c.o.d -o CMakeFiles/cmTC_03c72.dir/CMakeCCompilerABI.c.o -c /usr/local/Cellar/cmake/3.23.0/share/cmake/Modules/CMakeCCompilerABI.c]
  ignore line: [Apple clang version 13.1.6 (clang-1316.0.21.2)]
  ignore line: [Target: x86_64-apple-darwin21.4.0]
  ignore line: [Thread model: posix]
  ignore line: [InstalledDir: /Applications/Xcode.app/Contents/Developer/Toolchains/XcodeDefault.xctoolchain/usr/bin]
  ignore line: [clang: warning: -Wl -v: 'linker' input unused [-Wunused-command-line-argument]]
  ignore line: [ "/Applications/Xcode.app/Contents/Developer/Toolchains/XcodeDefault.xctoolchain/usr/bin/clang" -cc1 -triple x86_64-apple-macosx12.0.0 -Wundef-prefix=TARGET_OS_ -Wdeprecated-objc-isa-usage -Werror=deprecated-objc-isa-usage -Werror=implicit-function-declaration -emit-obj -mrelax-all --mrelax-relocations -disable-free -disable-llvm-verifier -discard-value-names -main-file-name CMakeCCompilerABI.c -mrelocation-model pic -pic-level 2 -mframe-pointer=all -fno-strict-return -fno-rounding-math -munwind-tables -fcompatibility-qualified-id-block-type-checking -fvisibility-inlines-hidden-static-local-var -target-cpu penryn -tune-cpu generic -debugger-tuning=lldb -target-linker-version 762 -v -resource-dir /Applications/Xcode.app/Contents/Developer/Toolchains/XcodeDefault.xctoolchain/usr/lib/clang/13.1.6 -dependency-file CMakeFiles/cmTC_03c72.dir/CMakeCCompilerABI.c.o.d -skip-unused-modulemap-deps -MT CMakeFiles/cmTC_03c72.dir/CMakeCCompilerABI.c.o -sys-header-deps -c-isystem /opt/local/include -cxx-isystem /opt/local/include -cxx-isystem /usr/local/Cellar/python@3.9/3.9.1_3/Frameworks/Python.framework/Versions/3.9/include/python3.9 -cxx-isystem /Users/steve/Projects/boost_1_75_0 -internal-isystem /usr/local/include -internal-isystem /Applications/Xcode.app/Contents/Developer/Toolchains/XcodeDefault.xctoolchain/usr/lib/clang/13.1.6/include -internal-externc-isystem /usr/include -internal-externc-isystem /Applications/Xcode.app/Contents/Developer/Toolchains/XcodeDefault.xctoolchain/usr/include -Wno-reorder-init-list -Wno-implicit-int-float-conversion -Wno-c99-designator -Wno-final-dtor-non-final-class -Wno-extra-semi-stmt -Wno-misleading-indentation -Wno-quoted-include-in-framework-header -Wno-implicit-fallthrough -Wno-enum-enum-conversion -Wno-enum-float-conversion -Wno-elaborated-enum-base -Wno-reserved-identifier -Wno-gnu-folding-constant -Wno-objc-load-method -fdebug-compilation-dir=/Users/steve/Projects/chronos/CMakeFiles/CMakeTmp -ferror-limit 19 -stack-protector 1 -fstack-check -mdarwin-stkchk-strong-link -fblocks -fencode-extended-block-signature -fregister-global-dtors-with-atexit -fgnuc-version=4.2.1 -fmax-type-align=16 -fcommon -clang-vendor-feature=+messageToSelfInClassMethodIdReturnType -clang-vendor-feature=+disableInferNewAvailabilityFromInit -clang-vendor-feature=+disableNonDependentMemberExprInCurrentInstantiation -fno-odr-hash-protocols -clang-vendor-feature=+enableAggressiveVLAFolding -clang-vendor-feature=+revert09abecef7bbf -clang-vendor-feature=+thisNoAlignAttr -clang-vendor-feature=+thisNoNullAttr -mllvm -disable-aligned-alloc-awareness=1 -D__GCC_HAVE_DWARF2_CFI_ASM=1 -o CMakeFiles/cmTC_03c72.dir/CMakeCCompilerABI.c.o -x c /usr/local/Cellar/cmake/3.23.0/share/cmake/Modules/CMakeCCompilerABI.c]
  ignore line: [clang -cc1 version 13.1.6 (clang-1316.0.21.2) default target x86_64-apple-darwin21.4.0]
  ignore line: [ignoring nonexistent directory "/usr/local/Cellar/python@3.9/3.9.1_3/Frameworks/Python.framework/Versions/3.9/include/python3.9"]
  ignore line: [ignoring nonexistent directory "/usr/include"]
  ignore line: [#include "..." search starts here:]
  ignore line: [#include <...> search starts here:]
  ignore line: [ /opt/local/include]
  ignore line: [ /usr/local/include]
  ignore line: [ /Applications/Xcode.app/Contents/Developer/Toolchains/XcodeDefault.xctoolchain/usr/lib/clang/13.1.6/include]
  ignore line: [ /Applications/Xcode.app/Contents/Developer/Toolchains/XcodeDefault.xctoolchain/usr/include]
  ignore line: [ /System/Library/Frameworks (framework directory)]
  ignore line: [ /Library/Frameworks (framework directory)]
  ignore line: [End of search list.]
  ignore line: [Linking C executable cmTC_03c72]
  ignore line: [/usr/local/Cellar/cmake/3.23.0/bin/cmake -E cmake_link_script CMakeFiles/cmTC_03c72.dir/link.txt --verbose=1]
  ignore line: [/Applications/Xcode.app/Contents/Developer/Toolchains/XcodeDefault.xctoolchain/usr/bin/cc -Wl -search_paths_first -Wl -headerpad_max_install_names -L/Library/Developer/CommandLineTools/SDKs/MacOSX.sdk/usr/lib -v -Wl -v CMakeFiles/cmTC_03c72.dir/CMakeCCompilerABI.c.o -o cmTC_03c72 ]
  ignore line: [Apple clang version 13.1.6 (clang-1316.0.21.2)]
  ignore line: [Target: x86_64-apple-darwin21.4.0]
  ignore line: [Thread model: posix]
  ignore line: [InstalledDir: /Applications/Xcode.app/Contents/Developer/Toolchains/XcodeDefault.xctoolchain/usr/bin]
  link line: [ "/Applications/Xcode.app/Contents/Developer/Toolchains/XcodeDefault.xctoolchain/usr/bin/ld" -demangle -lto_library /Applications/Xcode.app/Contents/Developer/Toolchains/XcodeDefault.xctoolchain/usr/lib/libLTO.dylib -dynamic -arch x86_64 -platform_version macos 12.0.0 12.0.0 -o cmTC_03c72 -L/Library/Developer/CommandLineTools/SDKs/MacOSX.sdk/usr/lib -L/Users/steve/Projects/boost_1_75_0/stage/lib -search_paths_first -headerpad_max_install_names -v CMakeFiles/cmTC_03c72.dir/CMakeCCompilerABI.c.o -lSystem /Applications/Xcode.app/Contents/Developer/Toolchains/XcodeDefault.xctoolchain/usr/lib/clang/13.1.6/lib/darwin/libclang_rt.osx.a]
    arg [/Applications/Xcode.app/Contents/Developer/Toolchains/XcodeDefault.xctoolchain/usr/bin/ld] ==> ignore
    arg [-demangle] ==> ignore
    arg [-lto_library] ==> ignore, skip following value
    arg [/Applications/Xcode.app/Contents/Developer/Toolchains/XcodeDefault.xctoolchain/usr/lib/libLTO.dylib] ==> skip value of -lto_library
    arg [-dynamic] ==> ignore
    arg [-arch] ==> ignore
    arg [x86_64] ==> ignore
    arg [-platform_version] ==> ignore
    arg [macos] ==> ignore
    arg [12.0.0] ==> ignore
    arg [12.0.0] ==> ignore
    arg [-o] ==> ignore
    arg [cmTC_03c72] ==> ignore
    arg [-L/Library/Developer/CommandLineTools/SDKs/MacOSX.sdk/usr/lib] ==> dir [/Library/Developer/CommandLineTools/SDKs/MacOSX.sdk/usr/lib]
    arg [-L/Users/steve/Projects/boost_1_75_0/stage/lib] ==> dir [/Users/steve/Projects/boost_1_75_0/stage/lib]
    arg [-search_paths_first] ==> ignore
    arg [-headerpad_max_install_names] ==> ignore
    arg [-v] ==> ignore
    arg [CMakeFiles/cmTC_03c72.dir/CMakeCCompilerABI.c.o] ==> ignore
    arg [-lSystem] ==> lib [System]
    arg [/Applications/Xcode.app/Contents/Developer/Toolchains/XcodeDefault.xctoolchain/usr/lib/clang/13.1.6/lib/darwin/libclang_rt.osx.a] ==> lib [/Applications/Xcode.app/Contents/Developer/Toolchains/XcodeDefault.xctoolchain/usr/lib/clang/13.1.6/lib/darwin/libclang_rt.osx.a]
  Library search paths: [;/Library/Developer/CommandLineTools/SDKs/MacOSX.sdk/usr/lib;/Users/steve/Projects/boost_1_75_0/stage/lib;/usr/lib;/usr/local/lib]
  Framework search paths: [;/Library/Frameworks/;/System/Library/Frameworks/]
  remove lib [System]
  remove lib [/Applications/Xcode.app/Contents/Developer/Toolchains/XcodeDefault.xctoolchain/usr/lib/clang/13.1.6/lib/darwin/libclang_rt.osx.a]
  collapse library dir [/Library/Developer/CommandLineTools/SDKs/MacOSX.sdk/usr/lib] ==> [/Library/Developer/CommandLineTools/SDKs/MacOSX.sdk/usr/lib]
  collapse library dir [/Users/steve/Projects/boost_1_75_0/stage/lib] ==> [/Users/steve/Projects/boost_1_75_0/stage/lib]
  collapse library dir [/Library/Developer/CommandLineTools/SDKs/MacOSX.sdk/usr/lib] ==> [/Library/Developer/CommandLineTools/SDKs/MacOSX.sdk/usr/lib]
  collapse library dir [/Users/steve/Projects/boost_1_75_0/stage/lib] ==> [/Users/steve/Projects/boost_1_75_0/stage/lib]
  collapse library dir [/usr/lib] ==> [/usr/lib]
  collapse library dir [/usr/local/lib] ==> [/usr/local/lib]
  collapse framework dir [/Library/Frameworks/] ==> [/Library/Frameworks]
  collapse framework dir [/System/Library/Frameworks/] ==> [/System/Library/Frameworks]
  implicit libs: []
  implicit objs: []
  implicit dirs: [/Library/Developer/CommandLineTools/SDKs/MacOSX.sdk/usr/lib;/Users/steve/Projects/boost_1_75_0/stage/lib;/usr/lib;/usr/local/lib]
  implicit fwks: [/Library/Frameworks;/System/Library/Frameworks]


Detecting CXX compiler ABI info compiled with the following output:
Change Dir: /Users/steve/Projects/chronos/CMakeFiles/CMakeTmp

Run Build Command(s):/usr/bin/make -f Makefile cmTC_6ecf1/fast && /Applications/Xcode.app/Contents/Developer/usr/bin/make  -f CMakeFiles/cmTC_6ecf1.dir/build.make CMakeFiles/cmTC_6ecf1.dir/build
Building CXX object CMakeFiles/cmTC_6ecf1.dir/CMakeCXXCompilerABI.cpp.o
/Applications/Xcode.app/Contents/Developer/Toolchains/XcodeDefault.xctoolchain/usr/bin/c++   -v -Wl,-v -MD -MT CMakeFiles/cmTC_6ecf1.dir/CMakeCXXCompilerABI.cpp.o -MF CMakeFiles/cmTC_6ecf1.dir/CMakeCXXCompilerABI.cpp.o.d -o CMakeFiles/cmTC_6ecf1.dir/CMakeCXXCompilerABI.cpp.o -c /usr/local/Cellar/cmake/3.23.0/share/cmake/Modules/CMakeCXXCompilerABI.cpp
Apple clang version 13.1.6 (clang-1316.0.21.2)
Target: x86_64-apple-darwin21.4.0
Thread model: posix
InstalledDir: /Applications/Xcode.app/Contents/Developer/Toolchains/XcodeDefault.xctoolchain/usr/bin
clang: warning: -Wl,-v: 'linker' input unused [-Wunused-command-line-argument]
ignoring nonexistent directory "/usr/include/c++/v1"
 "/Applications/Xcode.app/Contents/Developer/Toolchains/XcodeDefault.xctoolchain/usr/bin/clang" -cc1 -triple x86_64-apple-macosx12.0.0 -Wundef-prefix=TARGET_OS_ -Wdeprecated-objc-isa-usage -Werror=deprecated-objc-isa-usage -Werror=implicit-function-declaration -emit-obj -mrelax-all --mrelax-relocations -disable-free -disable-llvm-verifier -discard-value-names -main-file-name CMakeCXXCompilerABI.cpp -mrelocation-model pic -pic-level 2 -mframe-pointer=all -fno-strict-return -fno-rounding-math -munwind-tables -fcompatibility-qualified-id-block-type-checking -fvisibility-inlines-hidden-static-local-var -target-cpu penryn -tune-cpu generic -debugger-tuning=lldb -target-linker-version 762 -v -resource-dir /Applications/Xcode.app/Contents/Developer/Toolchains/XcodeDefault.xctoolchain/usr/lib/clang/13.1.6 -dependency-file CMakeFiles/cmTC_6ecf1.dir/CMakeCXXCompilerABI.cpp.o.d -skip-unused-modulemap-deps -MT CMakeFiles/cmTC_6ecf1.dir/CMakeCXXCompilerABI.cpp.o -sys-header-deps -c-isystem /opt/local/include -cxx-isystem /opt/local/include -cxx-isystem /usr/local/Cellar/python@3.9/3.9.1_3/Frameworks/Python.framework/Versions/3.9/include/python3.9 -cxx-isystem /Users/steve/Projects/boost_1_75_0 -stdlib=libc++ -internal-isystem /Applications/Xcode.app/Contents/Developer/Toolchains/XcodeDefault.xctoolchain/usr/bin/../include/c++/v1 -internal-isystem /usr/local/include -internal-isystem /Applications/Xcode.app/Contents/Developer/Toolchains/XcodeDefault.xctoolchain/usr/lib/clang/13.1.6/include -internal-externc-isystem /usr/include -internal-externc-isystem /Applications/Xcode.app/Contents/Developer/Toolchains/XcodeDefault.xctoolchain/usr/include -Wno-reorder-init-list -Wno-implicit-int-float-conversion -Wno-c99-designator -Wno-final-dtor-non-final-class -Wno-extra-semi-stmt -Wno-misleading-indentation -Wno-quoted-include-in-framework-header -Wno-implicit-fallthrough -Wno-enum-enum-conversion -Wno-enum-float-conversion -Wno-elaborated-enum-base -Wno-reserved-identifier -Wno-gnu-folding-constant -Wno-objc-load-method -fdeprecated-macro -fdebug-compilation-dir=/Users/steve/Projects/chronos/CMakeFiles/CMakeTmp -ferror-limit 19 -stack-protector 1 -fstack-check -mdarwin-stkchk-strong-link -fblocks -fencode-extended-block-signature -fregister-global-dtors-with-atexit -fgnuc-version=4.2.1 -fno-cxx-modules -fcxx-exceptions -fexceptions -fmax-type-align=16 -fcommon -clang-vendor-feature=+messageToSelfInClassMethodIdReturnType -clang-vendor-feature=+disableInferNewAvailabilityFromInit -clang-vendor-feature=+disableNonDependentMemberExprInCurrentInstantiation -fno-odr-hash-protocols -clang-vendor-feature=+enableAggressiveVLAFolding -clang-vendor-feature=+revert09abecef7bbf -clang-vendor-feature=+thisNoAlignAttr -clang-vendor-feature=+thisNoNullAttr -mllvm -disable-aligned-alloc-awareness=1 -D__GCC_HAVE_DWARF2_CFI_ASM=1 -o CMakeFiles/cmTC_6ecf1.dir/CMakeCXXCompilerABI.cpp.o -x c++ /usr/local/Cellar/cmake/3.23.0/share/cmake/Modules/CMakeCXXCompilerABI.cpp
clang -cc1 version 13.1.6 (clang-1316.0.21.2) default target x86_64-apple-darwin21.4.0
ignoring nonexistent directory "/usr/local/Cellar/python@3.9/3.9.1_3/Frameworks/Python.framework/Versions/3.9/include/python3.9"
ignoring nonexistent directory "/usr/include"
#include "..." search starts here:
#include <...> search starts here:
 /opt/local/include
 /Users/steve/Projects/boost_1_75_0
 /Applications/Xcode.app/Contents/Developer/Toolchains/XcodeDefault.xctoolchain/usr/bin/../include/c++/v1
 /usr/local/include
 /Applications/Xcode.app/Contents/Developer/Toolchains/XcodeDefault.xctoolchain/usr/lib/clang/13.1.6/include
 /Applications/Xcode.app/Contents/Developer/Toolchains/XcodeDefault.xctoolchain/usr/include
 /System/Library/Frameworks (framework directory)
 /Library/Frameworks (framework directory)
End of search list.
Linking CXX executable cmTC_6ecf1
/usr/local/Cellar/cmake/3.23.0/bin/cmake -E cmake_link_script CMakeFiles/cmTC_6ecf1.dir/link.txt --verbose=1
/Applications/Xcode.app/Contents/Developer/Toolchains/XcodeDefault.xctoolchain/usr/bin/c++ -Wl,-search_paths_first -Wl,-headerpad_max_install_names -L/Library/Developer/CommandLineTools/SDKs/MacOSX.sdk/usr/lib -v -Wl,-v CMakeFiles/cmTC_6ecf1.dir/CMakeCXXCompilerABI.cpp.o -o cmTC_6ecf1 
Apple clang version 13.1.6 (clang-1316.0.21.2)
Target: x86_64-apple-darwin21.4.0
Thread model: posix
InstalledDir: /Applications/Xcode.app/Contents/Developer/Toolchains/XcodeDefault.xctoolchain/usr/bin
 "/Applications/Xcode.app/Contents/Developer/Toolchains/XcodeDefault.xctoolchain/usr/bin/ld" -demangle -lto_library /Applications/Xcode.app/Contents/Developer/Toolchains/XcodeDefault.xctoolchain/usr/lib/libLTO.dylib -dynamic -arch x86_64 -platform_version macos 12.0.0 12.0.0 -o cmTC_6ecf1 -L/Library/Developer/CommandLineTools/SDKs/MacOSX.sdk/usr/lib -L/Users/steve/Projects/boost_1_75_0/stage/lib -search_paths_first -headerpad_max_install_names -v CMakeFiles/cmTC_6ecf1.dir/CMakeCXXCompilerABI.cpp.o -lc++ -lSystem /Applications/Xcode.app/Contents/Developer/Toolchains/XcodeDefault.xctoolchain/usr/lib/clang/13.1.6/lib/darwin/libclang_rt.osx.a
@(#)PROGRAM:ld  PROJECT:ld64-762
BUILD 06:28:45 Feb 18 2022
configured to support archs: armv6 armv7 armv7s arm64 arm64e arm64_32 i386 x86_64 x86_64h armv6m armv7k armv7m armv7em
Library search paths:
	/Library/Developer/CommandLineTools/SDKs/MacOSX.sdk/usr/lib
	/Users/steve/Projects/boost_1_75_0/stage/lib
	/usr/lib
	/usr/local/lib
Framework search paths:
	/Library/Frameworks/
	/System/Library/Frameworks/



Parsed CXX implicit include dir info from above output: rv=done
  found start of include info
  found start of implicit include info
    add: [/opt/local/include]
    add: [/Users/steve/Projects/boost_1_75_0]
    add: [/Applications/Xcode.app/Contents/Developer/Toolchains/XcodeDefault.xctoolchain/usr/bin/../include/c++/v1]
    add: [/usr/local/include]
    add: [/Applications/Xcode.app/Contents/Developer/Toolchains/XcodeDefault.xctoolchain/usr/lib/clang/13.1.6/include]
    add: [/Applications/Xcode.app/Contents/Developer/Toolchains/XcodeDefault.xctoolchain/usr/include]
  end of search list found
  collapse include dir [/opt/local/include] ==> [/opt/local/include]
  collapse include dir [/Users/steve/Projects/boost_1_75_0] ==> [/Users/steve/Projects/boost_1_75_0]
  collapse include dir [/Applications/Xcode.app/Contents/Developer/Toolchains/XcodeDefault.xctoolchain/usr/bin/../include/c++/v1] ==> [/Applications/Xcode.app/Contents/Developer/Toolchains/XcodeDefault.xctoolchain/usr/include/c++/v1]
  collapse include dir [/usr/local/include] ==> [/usr/local/include]
  collapse include dir [/Applications/Xcode.app/Contents/Developer/Toolchains/XcodeDefault.xctoolchain/usr/lib/clang/13.1.6/include] ==> [/Applications/Xcode.app/Contents/Developer/Toolchains/XcodeDefault.xctoolchain/usr/lib/clang/13.1.6/include]
  collapse include dir [/Applications/Xcode.app/Contents/Developer/Toolchains/XcodeDefault.xctoolchain/usr/include] ==> [/Applications/Xcode.app/Contents/Developer/Toolchains/XcodeDefault.xctoolchain/usr/include]
  implicit include dirs: [/opt/local/include;/Users/steve/Projects/boost_1_75_0;/Applications/Xcode.app/Contents/Developer/Toolchains/XcodeDefault.xctoolchain/usr/include/c++/v1;/usr/local/include;/Applications/Xcode.app/Contents/Developer/Toolchains/XcodeDefault.xctoolchain/usr/lib/clang/13.1.6/include;/Applications/Xcode.app/Contents/Developer/Toolchains/XcodeDefault.xctoolchain/usr/include]


Parsed CXX implicit link information from above output:
  link line regex: [^( *|.*[/\])(ld|CMAKE_LINK_STARTFILE-NOTFOUND|([^/\]+-)?ld|collect2)[^/\]*( |$)]
  ignore line: [Change Dir: /Users/steve/Projects/chronos/CMakeFiles/CMakeTmp]
  ignore line: []
  ignore line: [Run Build Command(s):/usr/bin/make -f Makefile cmTC_6ecf1/fast && /Applications/Xcode.app/Contents/Developer/usr/bin/make  -f CMakeFiles/cmTC_6ecf1.dir/build.make CMakeFiles/cmTC_6ecf1.dir/build]
  ignore line: [Building CXX object CMakeFiles/cmTC_6ecf1.dir/CMakeCXXCompilerABI.cpp.o]
  ignore line: [/Applications/Xcode.app/Contents/Developer/Toolchains/XcodeDefault.xctoolchain/usr/bin/c++   -v -Wl -v -MD -MT CMakeFiles/cmTC_6ecf1.dir/CMakeCXXCompilerABI.cpp.o -MF CMakeFiles/cmTC_6ecf1.dir/CMakeCXXCompilerABI.cpp.o.d -o CMakeFiles/cmTC_6ecf1.dir/CMakeCXXCompilerABI.cpp.o -c /usr/local/Cellar/cmake/3.23.0/share/cmake/Modules/CMakeCXXCompilerABI.cpp]
  ignore line: [Apple clang version 13.1.6 (clang-1316.0.21.2)]
  ignore line: [Target: x86_64-apple-darwin21.4.0]
  ignore line: [Thread model: posix]
  ignore line: [InstalledDir: /Applications/Xcode.app/Contents/Developer/Toolchains/XcodeDefault.xctoolchain/usr/bin]
  ignore line: [clang: warning: -Wl -v: 'linker' input unused [-Wunused-command-line-argument]]
  ignore line: [ignoring nonexistent directory "/usr/include/c++/v1"]
  ignore line: [ "/Applications/Xcode.app/Contents/Developer/Toolchains/XcodeDefault.xctoolchain/usr/bin/clang" -cc1 -triple x86_64-apple-macosx12.0.0 -Wundef-prefix=TARGET_OS_ -Wdeprecated-objc-isa-usage -Werror=deprecated-objc-isa-usage -Werror=implicit-function-declaration -emit-obj -mrelax-all --mrelax-relocations -disable-free -disable-llvm-verifier -discard-value-names -main-file-name CMakeCXXCompilerABI.cpp -mrelocation-model pic -pic-level 2 -mframe-pointer=all -fno-strict-return -fno-rounding-math -munwind-tables -fcompatibility-qualified-id-block-type-checking -fvisibility-inlines-hidden-static-local-var -target-cpu penryn -tune-cpu generic -debugger-tuning=lldb -target-linker-version 762 -v -resource-dir /Applications/Xcode.app/Contents/Developer/Toolchains/XcodeDefault.xctoolchain/usr/lib/clang/13.1.6 -dependency-file CMakeFiles/cmTC_6ecf1.dir/CMakeCXXCompilerABI.cpp.o.d -skip-unused-modulemap-deps -MT CMakeFiles/cmTC_6ecf1.dir/CMakeCXXCompilerABI.cpp.o -sys-header-deps -c-isystem /opt/local/include -cxx-isystem /opt/local/include -cxx-isystem /usr/local/Cellar/python@3.9/3.9.1_3/Frameworks/Python.framework/Versions/3.9/include/python3.9 -cxx-isystem /Users/steve/Projects/boost_1_75_0 -stdlib=libc++ -internal-isystem /Applications/Xcode.app/Contents/Developer/Toolchains/XcodeDefault.xctoolchain/usr/bin/../include/c++/v1 -internal-isystem /usr/local/include -internal-isystem /Applications/Xcode.app/Contents/Developer/Toolchains/XcodeDefault.xctoolchain/usr/lib/clang/13.1.6/include -internal-externc-isystem /usr/include -internal-externc-isystem /Applications/Xcode.app/Contents/Developer/Toolchains/XcodeDefault.xctoolchain/usr/include -Wno-reorder-init-list -Wno-implicit-int-float-conversion -Wno-c99-designator -Wno-final-dtor-non-final-class -Wno-extra-semi-stmt -Wno-misleading-indentation -Wno-quoted-include-in-framework-header -Wno-implicit-fallthrough -Wno-enum-enum-conversion -Wno-enum-float-conversion -Wno-elaborated-enum-base -Wno-reserved-identifier -Wno-gnu-folding-constant -Wno-objc-load-method -fdeprecated-macro -fdebug-compilation-dir=/Users/steve/Projects/chronos/CMakeFiles/CMakeTmp -ferror-limit 19 -stack-protector 1 -fstack-check -mdarwin-stkchk-strong-link -fblocks -fencode-extended-block-signature -fregister-global-dtors-with-atexit -fgnuc-version=4.2.1 -fno-cxx-modules -fcxx-exceptions -fexceptions -fmax-type-align=16 -fcommon -clang-vendor-feature=+messageToSelfInClassMethodIdReturnType -clang-vendor-feature=+disableInferNewAvailabilityFromInit -clang-vendor-feature=+disableNonDependentMemberExprInCurrentInstantiation -fno-odr-hash-protocols -clang-vendor-feature=+enableAggressiveVLAFolding -clang-vendor-feature=+revert09abecef7bbf -clang-vendor-feature=+thisNoAlignAttr -clang-vendor-feature=+thisNoNullAttr -mllvm -disable-aligned-alloc-awareness=1 -D__GCC_HAVE_DWARF2_CFI_ASM=1 -o CMakeFiles/cmTC_6ecf1.dir/CMakeCXXCompilerABI.cpp.o -x c++ /usr/local/Cellar/cmake/3.23.0/share/cmake/Modules/CMakeCXXCompilerABI.cpp]
  ignore line: [clang -cc1 version 13.1.6 (clang-1316.0.21.2) default target x86_64-apple-darwin21.4.0]
  ignore line: [ignoring nonexistent directory "/usr/local/Cellar/python@3.9/3.9.1_3/Frameworks/Python.framework/Versions/3.9/include/python3.9"]
  ignore line: [ignoring nonexistent directory "/usr/include"]
  ignore line: [#include "..." search starts here:]
  ignore line: [#include <...> search starts here:]
  ignore line: [ /opt/local/include]
  ignore line: [ /Users/steve/Projects/boost_1_75_0]
  ignore line: [ /Applications/Xcode.app/Contents/Developer/Toolchains/XcodeDefault.xctoolchain/usr/bin/../include/c++/v1]
  ignore line: [ /usr/local/include]
  ignore line: [ /Applications/Xcode.app/Contents/Developer/Toolchains/XcodeDefault.xctoolchain/usr/lib/clang/13.1.6/include]
  ignore line: [ /Applications/Xcode.app/Contents/Developer/Toolchains/XcodeDefault.xctoolchain/usr/include]
  ignore line: [ /System/Library/Frameworks (framework directory)]
  ignore line: [ /Library/Frameworks (framework directory)]
  ignore line: [End of search list.]
  ignore line: [Linking CXX executable cmTC_6ecf1]
  ignore line: [/usr/local/Cellar/cmake/3.23.0/bin/cmake -E cmake_link_script CMakeFiles/cmTC_6ecf1.dir/link.txt --verbose=1]
  ignore line: [/Applications/Xcode.app/Contents/Developer/Toolchains/XcodeDefault.xctoolchain/usr/bin/c++ -Wl -search_paths_first -Wl -headerpad_max_install_names -L/Library/Developer/CommandLineTools/SDKs/MacOSX.sdk/usr/lib -v -Wl -v CMakeFiles/cmTC_6ecf1.dir/CMakeCXXCompilerABI.cpp.o -o cmTC_6ecf1 ]
  ignore line: [Apple clang version 13.1.6 (clang-1316.0.21.2)]
  ignore line: [Target: x86_64-apple-darwin21.4.0]
  ignore line: [Thread model: posix]
  ignore line: [InstalledDir: /Applications/Xcode.app/Contents/Developer/Toolchains/XcodeDefault.xctoolchain/usr/bin]
  link line: [ "/Applications/Xcode.app/Contents/Developer/Toolchains/XcodeDefault.xctoolchain/usr/bin/ld" -demangle -lto_library /Applications/Xcode.app/Contents/Developer/Toolchains/XcodeDefault.xctoolchain/usr/lib/libLTO.dylib -dynamic -arch x86_64 -platform_version macos 12.0.0 12.0.0 -o cmTC_6ecf1 -L/Library/Developer/CommandLineTools/SDKs/MacOSX.sdk/usr/lib -L/Users/steve/Projects/boost_1_75_0/stage/lib -search_paths_first -headerpad_max_install_names -v CMakeFiles/cmTC_6ecf1.dir/CMakeCXXCompilerABI.cpp.o -lc++ -lSystem /Applications/Xcode.app/Contents/Developer/Toolchains/XcodeDefault.xctoolchain/usr/lib/clang/13.1.6/lib/darwin/libclang_rt.osx.a]
    arg [/Applications/Xcode.app/Contents/Developer/Toolchains/XcodeDefault.xctoolchain/usr/bin/ld] ==> ignore
    arg [-demangle] ==> ignore
    arg [-lto_library] ==> ignore, skip following value
    arg [/Applications/Xcode.app/Contents/Developer/Toolchains/XcodeDefault.xctoolchain/usr/lib/libLTO.dylib] ==> skip value of -lto_library
    arg [-dynamic] ==> ignore
    arg [-arch] ==> ignore
    arg [x86_64] ==> ignore
    arg [-platform_version] ==> ignore
    arg [macos] ==> ignore
    arg [12.0.0] ==> ignore
    arg [12.0.0] ==> ignore
    arg [-o] ==> ignore
    arg [cmTC_6ecf1] ==> ignore
    arg [-L/Library/Developer/CommandLineTools/SDKs/MacOSX.sdk/usr/lib] ==> dir [/Library/Developer/CommandLineTools/SDKs/MacOSX.sdk/usr/lib]
    arg [-L/Users/steve/Projects/boost_1_75_0/stage/lib] ==> dir [/Users/steve/Projects/boost_1_75_0/stage/lib]
    arg [-search_paths_first] ==> ignore
    arg [-headerpad_max_install_names] ==> ignore
    arg [-v] ==> ignore
    arg [CMakeFiles/cmTC_6ecf1.dir/CMakeCXXCompilerABI.cpp.o] ==> ignore
    arg [-lc++] ==> lib [c++]
    arg [-lSystem] ==> lib [System]
    arg [/Applications/Xcode.app/Contents/Developer/Toolchains/XcodeDefault.xctoolchain/usr/lib/clang/13.1.6/lib/darwin/libclang_rt.osx.a] ==> lib [/Applications/Xcode.app/Contents/Developer/Toolchains/XcodeDefault.xctoolchain/usr/lib/clang/13.1.6/lib/darwin/libclang_rt.osx.a]
  Library search paths: [;/Library/Developer/CommandLineTools/SDKs/MacOSX.sdk/usr/lib;/Users/steve/Projects/boost_1_75_0/stage/lib;/usr/lib;/usr/local/lib]
  Framework search paths: [;/Library/Frameworks/;/System/Library/Frameworks/]
  remove lib [System]
  remove lib [/Applications/Xcode.app/Contents/Developer/Toolchains/XcodeDefault.xctoolchain/usr/lib/clang/13.1.6/lib/darwin/libclang_rt.osx.a]
  collapse library dir [/Library/Developer/CommandLineTools/SDKs/MacOSX.sdk/usr/lib] ==> [/Library/Developer/CommandLineTools/SDKs/MacOSX.sdk/usr/lib]
  collapse library dir [/Users/steve/Projects/boost_1_75_0/stage/lib] ==> [/Users/steve/Projects/boost_1_75_0/stage/lib]
  collapse library dir [/Library/Developer/CommandLineTools/SDKs/MacOSX.sdk/usr/lib] ==> [/Library/Developer/CommandLineTools/SDKs/MacOSX.sdk/usr/lib]
  collapse library dir [/Users/steve/Projects/boost_1_75_0/stage/lib] ==> [/Users/steve/Projects/boost_1_75_0/stage/lib]
  collapse library dir [/usr/lib] ==> [/usr/lib]
  collapse library dir [/usr/local/lib] ==> [/usr/local/lib]
  collapse framework dir [/Library/Frameworks/] ==> [/Library/Frameworks]
  collapse framework dir [/System/Library/Frameworks/] ==> [/System/Library/Frameworks]
  implicit libs: [c++]
  implicit objs: []
  implicit dirs: [/Library/Developer/CommandLineTools/SDKs/MacOSX.sdk/usr/lib;/Users/steve/Projects/boost_1_75_0/stage/lib;/usr/lib;/usr/local/lib]
  implicit fwks: [/Library/Frameworks;/System/Library/Frameworks]


The system is: Darwin - 21.6.0 - x86_64
Compiling the C compiler identification source file "CMakeCCompilerId.c" succeeded.
Compiler: /Applications/Xcode.app/Contents/Developer/Toolchains/XcodeDefault.xctoolchain/usr/bin/cc 
Build flags: 
Id flags:  

The output was:
0


Compilation of the C compiler identification source "CMakeCCompilerId.c" produced "a.out"

The C compiler identification is AppleClang, found in "/Users/steve/Projects/chronos/CMakeFiles/3.24.2/CompilerIdC/a.out"

Compiling the CXX compiler identification source file "CMakeCXXCompilerId.cpp" succeeded.
Compiler: /Applications/Xcode.app/Contents/Developer/Toolchains/XcodeDefault.xctoolchain/usr/bin/c++ 
Build flags: 
Id flags:  

The output was:
0


Compilation of the CXX compiler identification source "CMakeCXXCompilerId.cpp" produced "a.out"

The CXX compiler identification is AppleClang, found in "/Users/steve/Projects/chronos/CMakeFiles/3.24.2/CompilerIdCXX/a.out"

Detecting C compiler ABI info compiled with the following output:
Change Dir: /Users/steve/Projects/chronos/CMakeFiles/CMakeTmp

Run Build Command(s):/usr/bin/make -f Makefile cmTC_ffe70/fast && /Applications/Xcode.app/Contents/Developer/usr/bin/make  -f CMakeFiles/cmTC_ffe70.dir/build.make CMakeFiles/cmTC_ffe70.dir/build
Building C object CMakeFiles/cmTC_ffe70.dir/CMakeCCompilerABI.c.o
/Applications/Xcode.app/Contents/Developer/Toolchains/XcodeDefault.xctoolchain/usr/bin/cc   -v -Wl,-v -MD -MT CMakeFiles/cmTC_ffe70.dir/CMakeCCompilerABI.c.o -MF CMakeFiles/cmTC_ffe70.dir/CMakeCCompilerABI.c.o.d -o CMakeFiles/cmTC_ffe70.dir/CMakeCCompilerABI.c.o -c /usr/local/Cellar/cmake/3.24.2/share/cmake/Modules/CMakeCCompilerABI.c
Apple clang version 14.0.0 (clang-1400.0.29.102)
Target: x86_64-apple-darwin21.6.0
Thread model: posix
InstalledDir: /Applications/Xcode.app/Contents/Developer/Toolchains/XcodeDefault.xctoolchain/usr/bin
clang: warning: -Wl,-v: 'linker' input unused [-Wunused-command-line-argument]
 "/Applications/Xcode.app/Contents/Developer/Toolchains/XcodeDefault.xctoolchain/usr/bin/clang" -cc1 -triple x86_64-apple-macosx12.0.0 -Wundef-prefix=TARGET_OS_ -Wdeprecated-objc-isa-usage -Werror=deprecated-objc-isa-usage -Werror=implicit-function-declaration -emit-obj -mrelax-all --mrelax-relocations -disable-free -clear-ast-before-backend -disable-llvm-verifier -discard-value-names -main-file-name CMakeCCompilerABI.c -mrelocation-model pic -pic-level 2 -mframe-pointer=all -fno-strict-return -fno-rounding-math -funwind-tables=2 -fcompatibility-qualified-id-block-type-checking -fvisibility-inlines-hidden-static-local-var -target-cpu penryn -tune-cpu generic -debugger-tuning=lldb -target-linker-version 819.6 -v -resource-dir /Applications/Xcode.app/Contents/Developer/Toolchains/XcodeDefault.xctoolchain/usr/lib/clang/14.0.0 -dependency-file CMakeFiles/cmTC_ffe70.dir/CMakeCCompilerABI.c.o.d -skip-unused-modulemap-deps -MT CMakeFiles/cmTC_ffe70.dir/CMakeCCompilerABI.c.o -sys-header-deps -c-isystem /opt/local/include -cxx-isystem /opt/local/include -cxx-isystem /usr/local/Cellar/python@3.9/3.9.1_3/Frameworks/Python.framework/Versions/3.9/include/python3.9 -cxx-isystem /Users/steve/Projects/boost_1_75_0 -cxx-isystem /Library/Developer/CommandLineTools/SDKs/MacOSX12.3.sdk/usr/include -internal-isystem /usr/local/include -internal-isystem /Applications/Xcode.app/Contents/Developer/Toolchains/XcodeDefault.xctoolchain/usr/lib/clang/14.0.0/include -internal-externc-isystem /usr/include -internal-externc-isystem /Applications/Xcode.app/Contents/Developer/Toolchains/XcodeDefault.xctoolchain/usr/include -Wno-reorder-init-list -Wno-implicit-int-float-conversion -Wno-c99-designator -Wno-final-dtor-non-final-class -Wno-extra-semi-stmt -Wno-misleading-indentation -Wno-quoted-include-in-framework-header -Wno-implicit-fallthrough -Wno-enum-enum-conversion -Wno-enum-float-conversion -Wno-elaborated-enum-base -Wno-reserved-identifier -Wno-gnu-folding-constant -Wno-cast-function-type -Wno-bitwise-instead-of-logical -fdebug-compilation-dir=/Users/steve/Projects/chronos/CMakeFiles/CMakeTmp -ferror-limit 19 -stack-protector 1 -fstack-check -mdarwin-stkchk-strong-link -fblocks -fencode-extended-block-signature -fregister-global-dtors-with-atexit -fgnuc-version=4.2.1 -fmax-type-align=16 -fcommon -clang-vendor-feature=+messageToSelfInClassMethodIdReturnType -clang-vendor-feature=+disableInferNewAvailabilityFromInit -clang-vendor-feature=+disableNonDependentMemberExprInCurrentInstantiation -fno-odr-hash-protocols -clang-vendor-feature=+enableAggressiveVLAFolding -clang-vendor-feature=+revert09abecef7bbf -clang-vendor-feature=+thisNoAlignAttr -clang-vendor-feature=+thisNoNullAttr -mllvm -disable-aligned-alloc-awareness=1 -D__GCC_HAVE_DWARF2_CFI_ASM=1 -o CMakeFiles/cmTC_ffe70.dir/CMakeCCompilerABI.c.o -x c /usr/local/Cellar/cmake/3.24.2/share/cmake/Modules/CMakeCCompilerABI.c
clang -cc1 version 14.0.0 (clang-1400.0.29.102) default target x86_64-apple-darwin21.6.0
ignoring nonexistent directory "/usr/local/Cellar/python@3.9/3.9.1_3/Frameworks/Python.framework/Versions/3.9/include/python3.9"
ignoring nonexistent directory "/usr/include"
#include "..." search starts here:
#include <...> search starts here:
 /opt/local/include
 /usr/local/include
 /Applications/Xcode.app/Contents/Developer/Toolchains/XcodeDefault.xctoolchain/usr/lib/clang/14.0.0/include
 /Applications/Xcode.app/Contents/Developer/Toolchains/XcodeDefault.xctoolchain/usr/include
 /System/Library/Frameworks (framework directory)
 /Library/Frameworks (framework directory)
End of search list.
Linking C executable cmTC_ffe70
/usr/local/Cellar/cmake/3.24.2/bin/cmake -E cmake_link_script CMakeFiles/cmTC_ffe70.dir/link.txt --verbose=1
/Applications/Xcode.app/Contents/Developer/Toolchains/XcodeDefault.xctoolchain/usr/bin/cc -Wl,-search_paths_first -Wl,-headerpad_max_install_names -L/Library/Developer/CommandLineTools/SDKs/MacOSX.sdk/usr/lib -v -Wl,-v CMakeFiles/cmTC_ffe70.dir/CMakeCCompilerABI.c.o -o cmTC_ffe70 
Apple clang version 14.0.0 (clang-1400.0.29.102)
Target: x86_64-apple-darwin21.6.0
Thread model: posix
InstalledDir: /Applications/Xcode.app/Contents/Developer/Toolchains/XcodeDefault.xctoolchain/usr/bin
 "/Applications/Xcode.app/Contents/Developer/Toolchains/XcodeDefault.xctoolchain/usr/bin/ld" -demangle -lto_library /Applications/Xcode.app/Contents/Developer/Toolchains/XcodeDefault.xctoolchain/usr/lib/libLTO.dylib -dynamic -arch x86_64 -platform_version macos 12.0.0 12.0.0 -o cmTC_ffe70 -L/Library/Developer/CommandLineTools/SDKs/MacOSX.sdk/usr/lib -L/Users/steve/Projects/boost_1_75_0/stage/lib -L/Library/Developer/CommandLineTools/SDKs/MacOSX12.3.sdk/usr/lib -search_paths_first -headerpad_max_install_names -v CMakeFiles/cmTC_ffe70.dir/CMakeCCompilerABI.c.o -lSystem /Applications/Xcode.app/Contents/Developer/Toolchains/XcodeDefault.xctoolchain/usr/lib/clang/14.0.0/lib/darwin/libclang_rt.osx.a
@(#)PROGRAM:ld  PROJECT:ld64-819.6
BUILD 21:47:27 Sep 13 2022
configured to support archs: armv6 armv7 armv7s arm64 arm64e arm64_32 i386 x86_64 x86_64h armv6m armv7k armv7m armv7em
Library search paths:
	/Library/Developer/CommandLineTools/SDKs/MacOSX.sdk/usr/lib
	/Users/steve/Projects/boost_1_75_0/stage/lib
	/Library/Developer/CommandLineTools/SDKs/MacOSX12.3.sdk/usr/lib
	/usr/lib
	/usr/local/lib
Framework search paths:
	/Library/Frameworks/
	/System/Library/Frameworks/



Parsed C implicit include dir info from above output: rv=done
  found start of include info
  found start of implicit include info
    add: [/opt/local/include]
    add: [/usr/local/include]
    add: [/Applications/Xcode.app/Contents/Developer/Toolchains/XcodeDefault.xctoolchain/usr/lib/clang/14.0.0/include]
    add: [/Applications/Xcode.app/Contents/Developer/Toolchains/XcodeDefault.xctoolchain/usr/include]
  end of search list found
  collapse include dir [/opt/local/include] ==> [/opt/local/include]
  collapse include dir [/usr/local/include] ==> [/usr/local/include]
  collapse include dir [/Applications/Xcode.app/Contents/Developer/Toolchains/XcodeDefault.xctoolchain/usr/lib/clang/14.0.0/include] ==> [/Applications/Xcode.app/Contents/Developer/Toolchains/XcodeDefault.xctoolchain/usr/lib/clang/14.0.0/include]
  collapse include dir [/Applications/Xcode.app/Contents/Developer/Toolchains/XcodeDefault.xctoolchain/usr/include] ==> [/Applications/Xcode.app/Contents/Developer/Toolchains/XcodeDefault.xctoolchain/usr/include]
  implicit include dirs: [/opt/local/include;/usr/local/include;/Applications/Xcode.app/Contents/Developer/Toolchains/XcodeDefault.xctoolchain/usr/lib/clang/14.0.0/include;/Applications/Xcode.app/Contents/Developer/Toolchains/XcodeDefault.xctoolchain/usr/include]


Parsed C implicit link information from above output:
  link line regex: [^( *|.*[/\])(ld|CMAKE_LINK_STARTFILE-NOTFOUND|([^/\]+-)?ld|collect2)[^/\]*( |$)]
  ignore line: [Change Dir: /Users/steve/Projects/chronos/CMakeFiles/CMakeTmp]
  ignore line: []
  ignore line: [Run Build Command(s):/usr/bin/make -f Makefile cmTC_ffe70/fast && /Applications/Xcode.app/Contents/Developer/usr/bin/make  -f CMakeFiles/cmTC_ffe70.dir/build.make CMakeFiles/cmTC_ffe70.dir/build]
  ignore line: [Building C object CMakeFiles/cmTC_ffe70.dir/CMakeCCompilerABI.c.o]
  ignore line: [/Applications/Xcode.app/Contents/Developer/Toolchains/XcodeDefault.xctoolchain/usr/bin/cc   -v -Wl -v -MD -MT CMakeFiles/cmTC_ffe70.dir/CMakeCCompilerABI.c.o -MF CMakeFiles/cmTC_ffe70.dir/CMakeCCompilerABI.c.o.d -o CMakeFiles/cmTC_ffe70.dir/CMakeCCompilerABI.c.o -c /usr/local/Cellar/cmake/3.24.2/share/cmake/Modules/CMakeCCompilerABI.c]
  ignore line: [Apple clang version 14.0.0 (clang-1400.0.29.102)]
  ignore line: [Target: x86_64-apple-darwin21.6.0]
  ignore line: [Thread model: posix]
  ignore line: [InstalledDir: /Applications/Xcode.app/Contents/Developer/Toolchains/XcodeDefault.xctoolchain/usr/bin]
  ignore line: [clang: warning: -Wl -v: 'linker' input unused [-Wunused-command-line-argument]]
  ignore line: [ "/Applications/Xcode.app/Contents/Developer/Toolchains/XcodeDefault.xctoolchain/usr/bin/clang" -cc1 -triple x86_64-apple-macosx12.0.0 -Wundef-prefix=TARGET_OS_ -Wdeprecated-objc-isa-usage -Werror=deprecated-objc-isa-usage -Werror=implicit-function-declaration -emit-obj -mrelax-all --mrelax-relocations -disable-free -clear-ast-before-backend -disable-llvm-verifier -discard-value-names -main-file-name CMakeCCompilerABI.c -mrelocation-model pic -pic-level 2 -mframe-pointer=all -fno-strict-return -fno-rounding-math -funwind-tables=2 -fcompatibility-qualified-id-block-type-checking -fvisibility-inlines-hidden-static-local-var -target-cpu penryn -tune-cpu generic -debugger-tuning=lldb -target-linker-version 819.6 -v -resource-dir /Applications/Xcode.app/Contents/Developer/Toolchains/XcodeDefault.xctoolchain/usr/lib/clang/14.0.0 -dependency-file CMakeFiles/cmTC_ffe70.dir/CMakeCCompilerABI.c.o.d -skip-unused-modulemap-deps -MT CMakeFiles/cmTC_ffe70.dir/CMakeCCompilerABI.c.o -sys-header-deps -c-isystem /opt/local/include -cxx-isystem /opt/local/include -cxx-isystem /usr/local/Cellar/python@3.9/3.9.1_3/Frameworks/Python.framework/Versions/3.9/include/python3.9 -cxx-isystem /Users/steve/Projects/boost_1_75_0 -cxx-isystem /Library/Developer/CommandLineTools/SDKs/MacOSX12.3.sdk/usr/include -internal-isystem /usr/local/include -internal-isystem /Applications/Xcode.app/Contents/Developer/Toolchains/XcodeDefault.xctoolchain/usr/lib/clang/14.0.0/include -internal-externc-isystem /usr/include -internal-externc-isystem /Applications/Xcode.app/Contents/Developer/Toolchains/XcodeDefault.xctoolchain/usr/include -Wno-reorder-init-list -Wno-implicit-int-float-conversion -Wno-c99-designator -Wno-final-dtor-non-final-class -Wno-extra-semi-stmt -Wno-misleading-indentation -Wno-quoted-include-in-framework-header -Wno-implicit-fallthrough -Wno-enum-enum-conversion -Wno-enum-float-conversion -Wno-elaborated-enum-base -Wno-reserved-identifier -Wno-gnu-folding-constant -Wno-cast-function-type -Wno-bitwise-instead-of-logical -fdebug-compilation-dir=/Users/steve/Projects/chronos/CMakeFiles/CMakeTmp -ferror-limit 19 -stack-protector 1 -fstack-check -mdarwin-stkchk-strong-link -fblocks -fencode-extended-block-signature -fregister-global-dtors-with-atexit -fgnuc-version=4.2.1 -fmax-type-align=16 -fcommon -clang-vendor-feature=+messageToSelfInClassMethodIdReturnType -clang-vendor-feature=+disableInferNewAvailabilityFromInit -clang-vendor-feature=+disableNonDependentMemberExprInCurrentInstantiation -fno-odr-hash-protocols -clang-vendor-feature=+enableAggressiveVLAFolding -clang-vendor-feature=+revert09abecef7bbf -clang-vendor-feature=+thisNoAlignAttr -clang-vendor-feature=+thisNoNullAttr -mllvm -disable-aligned-alloc-awareness=1 -D__GCC_HAVE_DWARF2_CFI_ASM=1 -o CMakeFiles/cmTC_ffe70.dir/CMakeCCompilerABI.c.o -x c /usr/local/Cellar/cmake/3.24.2/share/cmake/Modules/CMakeCCompilerABI.c]
  ignore line: [clang -cc1 version 14.0.0 (clang-1400.0.29.102) default target x86_64-apple-darwin21.6.0]
  ignore line: [ignoring nonexistent directory "/usr/local/Cellar/python@3.9/3.9.1_3/Frameworks/Python.framework/Versions/3.9/include/python3.9"]
  ignore line: [ignoring nonexistent directory "/usr/include"]
  ignore line: [#include "..." search starts here:]
  ignore line: [#include <...> search starts here:]
  ignore line: [ /opt/local/include]
  ignore line: [ /usr/local/include]
  ignore line: [ /Applications/Xcode.app/Contents/Developer/Toolchains/XcodeDefault.xctoolchain/usr/lib/clang/14.0.0/include]
  ignore line: [ /Applications/Xcode.app/Contents/Developer/Toolchains/XcodeDefault.xctoolchain/usr/include]
  ignore line: [ /System/Library/Frameworks (framework directory)]
  ignore line: [ /Library/Frameworks (framework directory)]
  ignore line: [End of search list.]
  ignore line: [Linking C executable cmTC_ffe70]
  ignore line: [/usr/local/Cellar/cmake/3.24.2/bin/cmake -E cmake_link_script CMakeFiles/cmTC_ffe70.dir/link.txt --verbose=1]
  ignore line: [/Applications/Xcode.app/Contents/Developer/Toolchains/XcodeDefault.xctoolchain/usr/bin/cc -Wl -search_paths_first -Wl -headerpad_max_install_names -L/Library/Developer/CommandLineTools/SDKs/MacOSX.sdk/usr/lib -v -Wl -v CMakeFiles/cmTC_ffe70.dir/CMakeCCompilerABI.c.o -o cmTC_ffe70 ]
  ignore line: [Apple clang version 14.0.0 (clang-1400.0.29.102)]
  ignore line: [Target: x86_64-apple-darwin21.6.0]
  ignore line: [Thread model: posix]
  ignore line: [InstalledDir: /Applications/Xcode.app/Contents/Developer/Toolchains/XcodeDefault.xctoolchain/usr/bin]
  link line: [ "/Applications/Xcode.app/Contents/Developer/Toolchains/XcodeDefault.xctoolchain/usr/bin/ld" -demangle -lto_library /Applications/Xcode.app/Contents/Developer/Toolchains/XcodeDefault.xctoolchain/usr/lib/libLTO.dylib -dynamic -arch x86_64 -platform_version macos 12.0.0 12.0.0 -o cmTC_ffe70 -L/Library/Developer/CommandLineTools/SDKs/MacOSX.sdk/usr/lib -L/Users/steve/Projects/boost_1_75_0/stage/lib -L/Library/Developer/CommandLineTools/SDKs/MacOSX12.3.sdk/usr/lib -search_paths_first -headerpad_max_install_names -v CMakeFiles/cmTC_ffe70.dir/CMakeCCompilerABI.c.o -lSystem /Applications/Xcode.app/Contents/Developer/Toolchains/XcodeDefault.xctoolchain/usr/lib/clang/14.0.0/lib/darwin/libclang_rt.osx.a]
    arg [/Applications/Xcode.app/Contents/Developer/Toolchains/XcodeDefault.xctoolchain/usr/bin/ld] ==> ignore
    arg [-demangle] ==> ignore
    arg [-lto_library] ==> ignore, skip following value
    arg [/Applications/Xcode.app/Contents/Developer/Toolchains/XcodeDefault.xctoolchain/usr/lib/libLTO.dylib] ==> skip value of -lto_library
    arg [-dynamic] ==> ignore
    arg [-arch] ==> ignore
    arg [x86_64] ==> ignore
    arg [-platform_version] ==> ignore
    arg [macos] ==> ignore
    arg [12.0.0] ==> ignore
    arg [12.0.0] ==> ignore
    arg [-o] ==> ignore
    arg [cmTC_ffe70] ==> ignore
    arg [-L/Library/Developer/CommandLineTools/SDKs/MacOSX.sdk/usr/lib] ==> dir [/Library/Developer/CommandLineTools/SDKs/MacOSX.sdk/usr/lib]
    arg [-L/Users/steve/Projects/boost_1_75_0/stage/lib] ==> dir [/Users/steve/Projects/boost_1_75_0/stage/lib]
    arg [-L/Library/Developer/CommandLineTools/SDKs/MacOSX12.3.sdk/usr/lib] ==> dir [/Library/Developer/CommandLineTools/SDKs/MacOSX12.3.sdk/usr/lib]
    arg [-search_paths_first] ==> ignore
    arg [-headerpad_max_install_names] ==> ignore
    arg [-v] ==> ignore
    arg [CMakeFiles/cmTC_ffe70.dir/CMakeCCompilerABI.c.o] ==> ignore
    arg [-lSystem] ==> lib [System]
    arg [/Applications/Xcode.app/Contents/Developer/Toolchains/XcodeDefault.xctoolchain/usr/lib/clang/14.0.0/lib/darwin/libclang_rt.osx.a] ==> lib [/Applications/Xcode.app/Contents/Developer/Toolchains/XcodeDefault.xctoolchain/usr/lib/clang/14.0.0/lib/darwin/libclang_rt.osx.a]
  Library search paths: [;/Library/Developer/CommandLineTools/SDKs/MacOSX.sdk/usr/lib;/Users/steve/Projects/boost_1_75_0/stage/lib;/Library/Developer/CommandLineTools/SDKs/MacOSX12.3.sdk/usr/lib;/usr/lib;/usr/local/lib]
  Framework search paths: [;/Library/Frameworks/;/System/Library/Frameworks/]
  remove lib [System]
  remove lib [/Applications/Xcode.app/Contents/Developer/Toolchains/XcodeDefault.xctoolchain/usr/lib/clang/14.0.0/lib/darwin/libclang_rt.osx.a]
  collapse library dir [/Library/Developer/CommandLineTools/SDKs/MacOSX.sdk/usr/lib] ==> [/Library/Developer/CommandLineTools/SDKs/MacOSX.sdk/usr/lib]
  collapse library dir [/Users/steve/Projects/boost_1_75_0/stage/lib] ==> [/Users/steve/Projects/boost_1_75_0/stage/lib]
  collapse library dir [/Library/Developer/CommandLineTools/SDKs/MacOSX12.3.sdk/usr/lib] ==> [/Library/Developer/CommandLineTools/SDKs/MacOSX12.3.sdk/usr/lib]
  collapse library dir [/Library/Developer/CommandLineTools/SDKs/MacOSX.sdk/usr/lib] ==> [/Library/Developer/CommandLineTools/SDKs/MacOSX.sdk/usr/lib]
  collapse library dir [/Users/steve/Projects/boost_1_75_0/stage/lib] ==> [/Users/steve/Projects/boost_1_75_0/stage/lib]
  collapse library dir [/Library/Developer/CommandLineTools/SDKs/MacOSX12.3.sdk/usr/lib] ==> [/Library/Developer/CommandLineTools/SDKs/MacOSX12.3.sdk/usr/lib]
  collapse library dir [/usr/lib] ==> [/usr/lib]
  collapse library dir [/usr/local/lib] ==> [/usr/local/lib]
  collapse framework dir [/Library/Frameworks/] ==> [/Library/Frameworks]
  collapse framework dir [/System/Library/Frameworks/] ==> [/System/Library/Frameworks]
  implicit libs: []
  implicit objs: []
  implicit dirs: [/Library/Developer/CommandLineTools/SDKs/MacOSX.sdk/usr/lib;/Users/steve/Projects/boost_1_75_0/stage/lib;/Library/Developer/CommandLineTools/SDKs/MacOSX12.3.sdk/usr/lib;/usr/lib;/usr/local/lib]
  implicit fwks: [/Library/Frameworks;/System/Library/Frameworks]


Detecting CXX compiler ABI info compiled with the following output:
Change Dir: /Users/steve/Projects/chronos/CMakeFiles/CMakeTmp

Run Build Command(s):/usr/bin/make -f Makefile cmTC_faddd/fast && /Applications/Xcode.app/Contents/Developer/usr/bin/make  -f CMakeFiles/cmTC_faddd.dir/build.make CMakeFiles/cmTC_faddd.dir/build
Building CXX object CMakeFiles/cmTC_faddd.dir/CMakeCXXCompilerABI.cpp.o
/Applications/Xcode.app/Contents/Developer/Toolchains/XcodeDefault.xctoolchain/usr/bin/c++   -v -Wl,-v -MD -MT CMakeFiles/cmTC_faddd.dir/CMakeCXXCompilerABI.cpp.o -MF CMakeFiles/cmTC_faddd.dir/CMakeCXXCompilerABI.cpp.o.d -o CMakeFiles/cmTC_faddd.dir/CMakeCXXCompilerABI.cpp.o -c /usr/local/Cellar/cmake/3.24.2/share/cmake/Modules/CMakeCXXCompilerABI.cpp
Apple clang version 14.0.0 (clang-1400.0.29.102)
Target: x86_64-apple-darwin21.6.0
Thread model: posix
InstalledDir: /Applications/Xcode.app/Contents/Developer/Toolchains/XcodeDefault.xctoolchain/usr/bin
clang: warning: -Wl,-v: 'linker' input unused [-Wunused-command-line-argument]
ignoring nonexistent directory "/usr/include/c++/v1"
 "/Applications/Xcode.app/Contents/Developer/Toolchains/XcodeDefault.xctoolchain/usr/bin/clang" -cc1 -triple x86_64-apple-macosx12.0.0 -Wundef-prefix=TARGET_OS_ -Wdeprecated-objc-isa-usage -Werror=deprecated-objc-isa-usage -Werror=implicit-function-declaration -emit-obj -mrelax-all --mrelax-relocations -disable-free -clear-ast-before-backend -disable-llvm-verifier -discard-value-names -main-file-name CMakeCXXCompilerABI.cpp -mrelocation-model pic -pic-level 2 -mframe-pointer=all -fno-strict-return -fno-rounding-math -funwind-tables=2 -fcompatibility-qualified-id-block-type-checking -fvisibility-inlines-hidden-static-local-var -target-cpu penryn -tune-cpu generic -debugger-tuning=lldb -target-linker-version 819.6 -v -resource-dir /Applications/Xcode.app/Contents/Developer/Toolchains/XcodeDefault.xctoolchain/usr/lib/clang/14.0.0 -dependency-file CMakeFiles/cmTC_faddd.dir/CMakeCXXCompilerABI.cpp.o.d -skip-unused-modulemap-deps -MT CMakeFiles/cmTC_faddd.dir/CMakeCXXCompilerABI.cpp.o -sys-header-deps -c-isystem /opt/local/include -cxx-isystem /opt/local/include -cxx-isystem /usr/local/Cellar/python@3.9/3.9.1_3/Frameworks/Python.framework/Versions/3.9/include/python3.9 -cxx-isystem /Users/steve/Projects/boost_1_75_0 -cxx-isystem /Library/Developer/CommandLineTools/SDKs/MacOSX12.3.sdk/usr/include -stdlib=libc++ -internal-isystem /Applications/Xcode.app/Contents/Developer/Toolchains/XcodeDefault.xctoolchain/usr/bin/../include/c++/v1 -internal-isystem /usr/local/include -internal-isystem /Applications/Xcode.app/Contents/Developer/Toolchains/XcodeDefault.xctoolchain/usr/lib/clang/14.0.0/include -internal-externc-isystem /usr/include -internal-externc-isystem /Applications/Xcode.app/Contents/Developer/Toolchains/XcodeDefault.xctoolchain/usr/include -Wno-reorder-init-list -Wno-implicit-int-float-conversion -Wno-c99-designator -Wno-final-dtor-non-final-class -Wno-extra-semi-stmt -Wno-misleading-indentation -Wno-quoted-include-in-framework-header -Wno-implicit-fallthrough -Wno-enum-enum-conversion -Wno-enum-float-conversion -Wno-elaborated-enum-base -Wno-reserved-identifier -Wno-gnu-folding-constant -Wno-cast-function-type -Wno-bitwise-instead-of-logical -fdeprecated-macro -fdebug-compilation-dir=/Users/steve/Projects/chronos/CMakeFiles/CMakeTmp -ferror-limit 19 -stack-protector 1 -fstack-check -mdarwin-stkchk-strong-link -fblocks -fencode-extended-block-signature -fregister-global-dtors-with-atexit -fgnuc-version=4.2.1 -fno-cxx-modules -fcxx-exceptions -fexceptions -fmax-type-align=16 -fcommon -clang-vendor-feature=+messageToSelfInClassMethodIdReturnType -clang-vendor-feature=+disableInferNewAvailabilityFromInit -clang-vendor-feature=+disableNonDependentMemberExprInCurrentInstantiation -fno-odr-hash-protocols -clang-vendor-feature=+enableAggressiveVLAFolding -clang-vendor-feature=+revert09abecef7bbf -clang-vendor-feature=+thisNoAlignAttr -clang-vendor-feature=+thisNoNullAttr -mllvm -disable-aligned-alloc-awareness=1 -D__GCC_HAVE_DWARF2_CFI_ASM=1 -o CMakeFiles/cmTC_faddd.dir/CMakeCXXCompilerABI.cpp.o -x c++ /usr/local/Cellar/cmake/3.24.2/share/cmake/Modules/CMakeCXXCompilerABI.cpp
clang -cc1 version 14.0.0 (clang-1400.0.29.102) default target x86_64-apple-darwin21.6.0
ignoring nonexistent directory "/usr/local/Cellar/python@3.9/3.9.1_3/Frameworks/Python.framework/Versions/3.9/include/python3.9"
ignoring nonexistent directory "/usr/include"
#include "..." search starts here:
#include <...> search starts here:
 /opt/local/include
 /Users/steve/Projects/boost_1_75_0
 /Library/Developer/CommandLineTools/SDKs/MacOSX12.3.sdk/usr/include
 /Applications/Xcode.app/Contents/Developer/Toolchains/XcodeDefault.xctoolchain/usr/bin/../include/c++/v1
 /usr/local/include
 /Applications/Xcode.app/Contents/Developer/Toolchains/XcodeDefault.xctoolchain/usr/lib/clang/14.0.0/include
 /Applications/Xcode.app/Contents/Developer/Toolchains/XcodeDefault.xctoolchain/usr/include
 /System/Library/Frameworks (framework directory)
 /Library/Frameworks (framework directory)
End of search list.
Linking CXX executable cmTC_faddd
/usr/local/Cellar/cmake/3.24.2/bin/cmake -E cmake_link_script CMakeFiles/cmTC_faddd.dir/link.txt --verbose=1
/Applications/Xcode.app/Contents/Developer/Toolchains/XcodeDefault.xctoolchain/usr/bin/c++ -Wl,-search_paths_first -Wl,-headerpad_max_install_names -L/Library/Developer/CommandLineTools/SDKs/MacOSX.sdk/usr/lib -v -Wl,-v CMakeFiles/cmTC_faddd.dir/CMakeCXXCompilerABI.cpp.o -o cmTC_faddd 
Apple clang version 14.0.0 (clang-1400.0.29.102)
Target: x86_64-apple-darwin21.6.0
Thread model: posix
InstalledDir: /Applications/Xcode.app/Contents/Developer/Toolchains/XcodeDefault.xctoolchain/usr/bin
 "/Applications/Xcode.app/Contents/Developer/Toolchains/XcodeDefault.xctoolchain/usr/bin/ld" -demangle -lto_library /Applications/Xcode.app/Contents/Developer/Toolchains/XcodeDefault.xctoolchain/usr/lib/libLTO.dylib -dynamic -arch x86_64 -platform_version macos 12.0.0 12.0.0 -o cmTC_faddd -L/Library/Developer/CommandLineTools/SDKs/MacOSX.sdk/usr/lib -L/Users/steve/Projects/boost_1_75_0/stage/lib -L/Library/Developer/CommandLineTools/SDKs/MacOSX12.3.sdk/usr/lib -search_paths_first -headerpad_max_install_names -v CMakeFiles/cmTC_faddd.dir/CMakeCXXCompilerABI.cpp.o -lc++ -lSystem /Applications/Xcode.app/Contents/Developer/Toolchains/XcodeDefault.xctoolchain/usr/lib/clang/14.0.0/lib/darwin/libclang_rt.osx.a
@(#)PROGRAM:ld  PROJECT:ld64-819.6
BUILD 21:47:27 Sep 13 2022
configured to support archs: armv6 armv7 armv7s arm64 arm64e arm64_32 i386 x86_64 x86_64h armv6m armv7k armv7m armv7em
Library search paths:
	/Library/Developer/CommandLineTools/SDKs/MacOSX.sdk/usr/lib
	/Users/steve/Projects/boost_1_75_0/stage/lib
	/Library/Developer/CommandLineTools/SDKs/MacOSX12.3.sdk/usr/lib
	/usr/lib
	/usr/local/lib
Framework search paths:
	/Library/Frameworks/
	/System/Library/Frameworks/



Parsed CXX implicit include dir info from above output: rv=done
  found start of include info
  found start of implicit include info
    add: [/opt/local/include]
    add: [/Users/steve/Projects/boost_1_75_0]
    add: [/Library/Developer/CommandLineTools/SDKs/MacOSX12.3.sdk/usr/include]
    add: [/Applications/Xcode.app/Contents/Developer/Toolchains/XcodeDefault.xctoolchain/usr/bin/../include/c++/v1]
    add: [/usr/local/include]
    add: [/Applications/Xcode.app/Contents/Developer/Toolchains/XcodeDefault.xctoolchain/usr/lib/clang/14.0.0/include]
    add: [/Applications/Xcode.app/Contents/Developer/Toolchains/XcodeDefault.xctoolchain/usr/include]
  end of search list found
  collapse include dir [/opt/local/include] ==> [/opt/local/include]
  collapse include dir [/Users/steve/Projects/boost_1_75_0] ==> [/Users/steve/Projects/boost_1_75_0]
  collapse include dir [/Library/Developer/CommandLineTools/SDKs/MacOSX12.3.sdk/usr/include] ==> [/Library/Developer/CommandLineTools/SDKs/MacOSX12.3.sdk/usr/include]
  collapse include dir [/Applications/Xcode.app/Contents/Developer/Toolchains/XcodeDefault.xctoolchain/usr/bin/../include/c++/v1] ==> [/Applications/Xcode.app/Contents/Developer/Toolchains/XcodeDefault.xctoolchain/usr/include/c++/v1]
  collapse include dir [/usr/local/include] ==> [/usr/local/include]
  collapse include dir [/Applications/Xcode.app/Contents/Developer/Toolchains/XcodeDefault.xctoolchain/usr/lib/clang/14.0.0/include] ==> [/Applications/Xcode.app/Contents/Developer/Toolchains/XcodeDefault.xctoolchain/usr/lib/clang/14.0.0/include]
  collapse include dir [/Applications/Xcode.app/Contents/Developer/Toolchains/XcodeDefault.xctoolchain/usr/include] ==> [/Applications/Xcode.app/Contents/Developer/Toolchains/XcodeDefault.xctoolchain/usr/include]
  implicit include dirs: [/opt/local/include;/Users/steve/Projects/boost_1_75_0;/Library/Developer/CommandLineTools/SDKs/MacOSX12.3.sdk/usr/include;/Applications/Xcode.app/Contents/Developer/Toolchains/XcodeDefault.xctoolchain/usr/include/c++/v1;/usr/local/include;/Applications/Xcode.app/Contents/Developer/Toolchains/XcodeDefault.xctoolchain/usr/lib/clang/14.0.0/include;/Applications/Xcode.app/Contents/Developer/Toolchains/XcodeDefault.xctoolchain/usr/include]


Parsed CXX implicit link information from above output:
  link line regex: [^( *|.*[/\])(ld|CMAKE_LINK_STARTFILE-NOTFOUND|([^/\]+-)?ld|collect2)[^/\]*( |$)]
  ignore line: [Change Dir: /Users/steve/Projects/chronos/CMakeFiles/CMakeTmp]
  ignore line: []
  ignore line: [Run Build Command(s):/usr/bin/make -f Makefile cmTC_faddd/fast && /Applications/Xcode.app/Contents/Developer/usr/bin/make  -f CMakeFiles/cmTC_faddd.dir/build.make CMakeFiles/cmTC_faddd.dir/build]
  ignore line: [Building CXX object CMakeFiles/cmTC_faddd.dir/CMakeCXXCompilerABI.cpp.o]
  ignore line: [/Applications/Xcode.app/Contents/Developer/Toolchains/XcodeDefault.xctoolchain/usr/bin/c++   -v -Wl -v -MD -MT CMakeFiles/cmTC_faddd.dir/CMakeCXXCompilerABI.cpp.o -MF CMakeFiles/cmTC_faddd.dir/CMakeCXXCompilerABI.cpp.o.d -o CMakeFiles/cmTC_faddd.dir/CMakeCXXCompilerABI.cpp.o -c /usr/local/Cellar/cmake/3.24.2/share/cmake/Modules/CMakeCXXCompilerABI.cpp]
  ignore line: [Apple clang version 14.0.0 (clang-1400.0.29.102)]
  ignore line: [Target: x86_64-apple-darwin21.6.0]
  ignore line: [Thread model: posix]
  ignore line: [InstalledDir: /Applications/Xcode.app/Contents/Developer/Toolchains/XcodeDefault.xctoolchain/usr/bin]
  ignore line: [clang: warning: -Wl -v: 'linker' input unused [-Wunused-command-line-argument]]
  ignore line: [ignoring nonexistent directory "/usr/include/c++/v1"]
  ignore line: [ "/Applications/Xcode.app/Contents/Developer/Toolchains/XcodeDefault.xctoolchain/usr/bin/clang" -cc1 -triple x86_64-apple-macosx12.0.0 -Wundef-prefix=TARGET_OS_ -Wdeprecated-objc-isa-usage -Werror=deprecated-objc-isa-usage -Werror=implicit-function-declaration -emit-obj -mrelax-all --mrelax-relocations -disable-free -clear-ast-before-backend -disable-llvm-verifier -discard-value-names -main-file-name CMakeCXXCompilerABI.cpp -mrelocation-model pic -pic-level 2 -mframe-pointer=all -fno-strict-return -fno-rounding-math -funwind-tables=2 -fcompatibility-qualified-id-block-type-checking -fvisibility-inlines-hidden-static-local-var -target-cpu penryn -tune-cpu generic -debugger-tuning=lldb -target-linker-version 819.6 -v -resource-dir /Applications/Xcode.app/Contents/Developer/Toolchains/XcodeDefault.xctoolchain/usr/lib/clang/14.0.0 -dependency-file CMakeFiles/cmTC_faddd.dir/CMakeCXXCompilerABI.cpp.o.d -skip-unused-modulemap-deps -MT CMakeFiles/cmTC_faddd.dir/CMakeCXXCompilerABI.cpp.o -sys-header-deps -c-isystem /opt/local/include -cxx-isystem /opt/local/include -cxx-isystem /usr/local/Cellar/python@3.9/3.9.1_3/Frameworks/Python.framework/Versions/3.9/include/python3.9 -cxx-isystem /Users/steve/Projects/boost_1_75_0 -cxx-isystem /Library/Developer/CommandLineTools/SDKs/MacOSX12.3.sdk/usr/include -stdlib=libc++ -internal-isystem /Applications/Xcode.app/Contents/Developer/Toolchains/XcodeDefault.xctoolchain/usr/bin/../include/c++/v1 -internal-isystem /usr/local/include -internal-isystem /Applications/Xcode.app/Contents/Developer/Toolchains/XcodeDefault.xctoolchain/usr/lib/clang/14.0.0/include -internal-externc-isystem /usr/include -internal-externc-isystem /Applications/Xcode.app/Contents/Developer/Toolchains/XcodeDefault.xctoolchain/usr/include -Wno-reorder-init-list -Wno-implicit-int-float-conversion -Wno-c99-designator -Wno-final-dtor-non-final-class -Wno-extra-semi-stmt -Wno-misleading-indentation -Wno-quoted-include-in-framework-header -Wno-implicit-fallthrough -Wno-enum-enum-conversion -Wno-enum-float-conversion -Wno-elaborated-enum-base -Wno-reserved-identifier -Wno-gnu-folding-constant -Wno-cast-function-type -Wno-bitwise-instead-of-logical -fdeprecated-macro -fdebug-compilation-dir=/Users/steve/Projects/chronos/CMakeFiles/CMakeTmp -ferror-limit 19 -stack-protector 1 -fstack-check -mdarwin-stkchk-strong-link -fblocks -fencode-extended-block-signature -fregister-global-dtors-with-atexit -fgnuc-version=4.2.1 -fno-cxx-modules -fcxx-exceptions -fexceptions -fmax-type-align=16 -fcommon -clang-vendor-feature=+messageToSelfInClassMethodIdReturnType -clang-vendor-feature=+disableInferNewAvailabilityFromInit -clang-vendor-feature=+disableNonDependentMemberExprInCurrentInstantiation -fno-odr-hash-protocols -clang-vendor-feature=+enableAggressiveVLAFolding -clang-vendor-feature=+revert09abecef7bbf -clang-vendor-feature=+thisNoAlignAttr -clang-vendor-feature=+thisNoNullAttr -mllvm -disable-aligned-alloc-awareness=1 -D__GCC_HAVE_DWARF2_CFI_ASM=1 -o CMakeFiles/cmTC_faddd.dir/CMakeCXXCompilerABI.cpp.o -x c++ /usr/local/Cellar/cmake/3.24.2/share/cmake/Modules/CMakeCXXCompilerABI.cpp]
  ignore line: [clang -cc1 version 14.0.0 (clang-1400.0.29.102) default target x86_64-apple-darwin21.6.0]
  ignore line: [ignoring nonexistent directory "/usr/local/Cellar/python@3.9/3.9.1_3/Frameworks/Python.framework/Versions/3.9/include/python3.9"]
  ignore line: [ignoring nonexistent directory "/usr/include"]
  ignore line: [#include "..." search starts here:]
  ignore line: [#include <...> search starts here:]
  ignore line: [ /opt/local/include]
  ignore line: [ /Users/steve/Projects/boost_1_75_0]
  ignore line: [ /Library/Developer/CommandLineTools/SDKs/MacOSX12.3.sdk/usr/include]
  ignore line: [ /Applications/Xcode.app/Contents/Developer/Toolchains/XcodeDefault.xctoolchain/usr/bin/../include/c++/v1]
  ignore line: [ /usr/local/include]
  ignore line: [ /Applications/Xcode.app/Contents/Developer/Toolchains/XcodeDefault.xctoolchain/usr/lib/clang/14.0.0/include]
  ignore line: [ /Applications/Xcode.app/Contents/Developer/Toolchains/XcodeDefault.xctoolchain/usr/include]
  ignore line: [ /System/Library/Frameworks (framework directory)]
  ignore line: [ /Library/Frameworks (framework directory)]
  ignore line: [End of search list.]
  ignore line: [Linking CXX executable cmTC_faddd]
  ignore line: [/usr/local/Cellar/cmake/3.24.2/bin/cmake -E cmake_link_script CMakeFiles/cmTC_faddd.dir/link.txt --verbose=1]
  ignore line: [/Applications/Xcode.app/Contents/Developer/Toolchains/XcodeDefault.xctoolchain/usr/bin/c++ -Wl -search_paths_first -Wl -headerpad_max_install_names -L/Library/Developer/CommandLineTools/SDKs/MacOSX.sdk/usr/lib -v -Wl -v CMakeFiles/cmTC_faddd.dir/CMakeCXXCompilerABI.cpp.o -o cmTC_faddd ]
  ignore line: [Apple clang version 14.0.0 (clang-1400.0.29.102)]
  ignore line: [Target: x86_64-apple-darwin21.6.0]
  ignore line: [Thread model: posix]
  ignore line: [InstalledDir: /Applications/Xcode.app/Contents/Developer/Toolchains/XcodeDefault.xctoolchain/usr/bin]
  link line: [ "/Applications/Xcode.app/Contents/Developer/Toolchains/XcodeDefault.xctoolchain/usr/bin/ld" -demangle -lto_library /Applications/Xcode.app/Contents/Developer/Toolchains/XcodeDefault.xctoolchain/usr/lib/libLTO.dylib -dynamic -arch x86_64 -platform_version macos 12.0.0 12.0.0 -o cmTC_faddd -L/Library/Developer/CommandLineTools/SDKs/MacOSX.sdk/usr/lib -L/Users/steve/Projects/boost_1_75_0/stage/lib -L/Library/Developer/CommandLineTools/SDKs/MacOSX12.3.sdk/usr/lib -search_paths_first -headerpad_max_install_names -v CMakeFiles/cmTC_faddd.dir/CMakeCXXCompilerABI.cpp.o -lc++ -lSystem /Applications/Xcode.app/Contents/Developer/Toolchains/XcodeDefault.xctoolchain/usr/lib/clang/14.0.0/lib/darwin/libclang_rt.osx.a]
    arg [/Applications/Xcode.app/Contents/Developer/Toolchains/XcodeDefault.xctoolchain/usr/bin/ld] ==> ignore
    arg [-demangle] ==> ignore
    arg [-lto_library] ==> ignore, skip following value
    arg [/Applications/Xcode.app/Contents/Developer/Toolchains/XcodeDefault.xctoolchain/usr/lib/libLTO.dylib] ==> skip value of -lto_library
    arg [-dynamic] ==> ignore
    arg [-arch] ==> ignore
    arg [x86_64] ==> ignore
    arg [-platform_version] ==> ignore
    arg [macos] ==> ignore
    arg [12.0.0] ==> ignore
    arg [12.0.0] ==> ignore
    arg [-o] ==> ignore
    arg [cmTC_faddd] ==> ignore
    arg [-L/Library/Developer/CommandLineTools/SDKs/MacOSX.sdk/usr/lib] ==> dir [/Library/Developer/CommandLineTools/SDKs/MacOSX.sdk/usr/lib]
    arg [-L/Users/steve/Projects/boost_1_75_0/stage/lib] ==> dir [/Users/steve/Projects/boost_1_75_0/stage/lib]
    arg [-L/Library/Developer/CommandLineTools/SDKs/MacOSX12.3.sdk/usr/lib] ==> dir [/Library/Developer/CommandLineTools/SDKs/MacOSX12.3.sdk/usr/lib]
    arg [-search_paths_first] ==> ignore
    arg [-headerpad_max_install_names] ==> ignore
    arg [-v] ==> ignore
    arg [CMakeFiles/cmTC_faddd.dir/CMakeCXXCompilerABI.cpp.o] ==> ignore
    arg [-lc++] ==> lib [c++]
    arg [-lSystem] ==> lib [System]
    arg [/Applications/Xcode.app/Contents/Developer/Toolchains/XcodeDefault.xctoolchain/usr/lib/clang/14.0.0/lib/darwin/libclang_rt.osx.a] ==> lib [/Applications/Xcode.app/Contents/Developer/Toolchains/XcodeDefault.xctoolchain/usr/lib/clang/14.0.0/lib/darwin/libclang_rt.osx.a]
  Library search paths: [;/Library/Developer/CommandLineTools/SDKs/MacOSX.sdk/usr/lib;/Users/steve/Projects/boost_1_75_0/stage/lib;/Library/Developer/CommandLineTools/SDKs/MacOSX12.3.sdk/usr/lib;/usr/lib;/usr/local/lib]
  Framework search paths: [;/Library/Frameworks/;/System/Library/Frameworks/]
  remove lib [System]
  remove lib [/Applications/Xcode.app/Contents/Developer/Toolchains/XcodeDefault.xctoolchain/usr/lib/clang/14.0.0/lib/darwin/libclang_rt.osx.a]
  collapse library dir [/Library/Developer/CommandLineTools/SDKs/MacOSX.sdk/usr/lib] ==> [/Library/Developer/CommandLineTools/SDKs/MacOSX.sdk/usr/lib]
  collapse library dir [/Users/steve/Projects/boost_1_75_0/stage/lib] ==> [/Users/steve/Projects/boost_1_75_0/stage/lib]
  collapse library dir [/Library/Developer/CommandLineTools/SDKs/MacOSX12.3.sdk/usr/lib] ==> [/Library/Developer/CommandLineTools/SDKs/MacOSX12.3.sdk/usr/lib]
  collapse library dir [/Library/Developer/CommandLineTools/SDKs/MacOSX.sdk/usr/lib] ==> [/Library/Developer/CommandLineTools/SDKs/MacOSX.sdk/usr/lib]
  collapse library dir [/Users/steve/Projects/boost_1_75_0/stage/lib] ==> [/Users/steve/Projects/boost_1_75_0/stage/lib]
  collapse library dir [/Library/Developer/CommandLineTools/SDKs/MacOSX12.3.sdk/usr/lib] ==> [/Library/Developer/CommandLineTools/SDKs/MacOSX12.3.sdk/usr/lib]
  collapse library dir [/usr/lib] ==> [/usr/lib]
  collapse library dir [/usr/local/lib] ==> [/usr/local/lib]
  collapse framework dir [/Library/Frameworks/] ==> [/Library/Frameworks]
  collapse framework dir [/System/Library/Frameworks/] ==> [/System/Library/Frameworks]
  implicit libs: [c++]
  implicit objs: []
  implicit dirs: [/Library/Developer/CommandLineTools/SDKs/MacOSX.sdk/usr/lib;/Users/steve/Projects/boost_1_75_0/stage/lib;/Library/Developer/CommandLineTools/SDKs/MacOSX12.3.sdk/usr/lib;/usr/lib;/usr/local/lib]
  implicit fwks: [/Library/Frameworks;/System/Library/Frameworks]


